/*C22*/SET SCHEMA PUBLIC
DISCONNECT
/*C23*/SET SCHEMA PUBLIC
DELETE FROM ESPECTACULOSDB_FUNCIONESDB WHERE ESPECTACULOSDB_ID=401 AND FUNCIONES_ID=405
DELETE FROM ESPECTACULOSDB_FUNCIONESDB WHERE ESPECTACULOSDB_ID=401 AND FUNCIONES_ID=404
DELETE FROM ESPECTACULOSDB_FUNCIONESDB WHERE ESPECTACULOSDB_ID=401 AND FUNCIONES_ID=402
COMMIT
DELETE FROM ESPECTACULOSDB_FUNCIONESDB WHERE ESPECTACULOSDB_ID=451 AND FUNCIONES_ID=455
DELETE FROM ESPECTACULOSDB_FUNCIONESDB WHERE ESPECTACULOSDB_ID=451 AND FUNCIONES_ID=454
DELETE FROM ESPECTACULOSDB_FUNCIONESDB WHERE ESPECTACULOSDB_ID=451 AND FUNCIONES_ID=452
COMMIT
DELETE FROM ESPECTACULOSDB_FUNCIONESDB WHERE ESPECTACULOSDB_ID=501 AND FUNCIONES_ID=505
DELETE FROM ESPECTACULOSDB_FUNCIONESDB WHERE ESPECTACULOSDB_ID=501 AND FUNCIONES_ID=502
DELETE FROM ESPECTACULOSDB_FUNCIONESDB WHERE ESPECTACULOSDB_ID=501 AND FUNCIONES_ID=504
COMMIT
DELETE FROM FUNCIONESDB WHERE ID=402
INSERT INTO FUNCIONESDB VALUES(402,'2020-09-30 20:00:00.000000','2020-05-30 00:00:00.000000','Memphis Blues World - C',NULL,NULL)
COMMIT
DELETE FROM FUNCIONESDB WHERE ID=404
INSERT INTO FUNCIONESDB VALUES(404,'2020-08-31 19:30:00.000000','2020-05-30 00:00:00.000000','Memphis Blues World - B',NULL,NULL)
COMMIT
DELETE FROM FUNCIONESDB WHERE ID=405
INSERT INTO FUNCIONESDB VALUES(405,'2020-08-15 16:30:00.000000','2020-05-30 00:00:00.000000','Memphis Blues World - A',NULL,NULL)
COMMIT
DELETE FROM FUNCIONESDB WHERE ID=452
INSERT INTO FUNCIONESDB VALUES(452,'2020-09-01 21:00:00.000000','2020-07-31 00:00:00.000000','30 a\u00f1os - 1',NULL,NULL)
COMMIT
DELETE FROM FUNCIONESDB WHERE ID=454
INSERT INTO FUNCIONESDB VALUES(454,'2020-10-01 21:00:00.000000','2020-07-31 00:00:00.000000','30 a\u00f1os - 2',NULL,NULL)
COMMIT
DELETE FROM FUNCIONESDB WHERE ID=455
INSERT INTO FUNCIONESDB VALUES(455,'2020-11-15 21:00:00.000000','2020-07-31 00:00:00.000000','30 a\u00f1os - 3',NULL,NULL)
COMMIT
DELETE FROM FUNCIONESDB WHERE ID=502
INSERT INTO FUNCIONESDB VALUES(502,'2020-04-15 15:30:00.000000','2020-03-31 00:00:00.000000','Los Village Volvieron - 1',NULL,NULL)
COMMIT
DELETE FROM FUNCIONESDB WHERE ID=504
INSERT INTO FUNCIONESDB VALUES(504,'2020-05-01 17:00:00.000000','2020-03-31 00:00:00.000000','Los Village Volvieron - 2',NULL,NULL)
COMMIT
DELETE FROM FUNCIONESDB WHERE ID=505
INSERT INTO FUNCIONESDB VALUES(505,'2020-06-01 18:00:00.000000','2020-03-31 00:00:00.000000','Los Village Volvieron - 3',NULL,NULL)
COMMIT
DELETE FROM USUARIOSDB_FUNCIONESDB WHERE ARTISTASDB_ID=403 AND FUNCIONES_ID=404
DELETE FROM USUARIOSDB_FUNCIONESDB WHERE ARTISTASDB_ID=403 AND FUNCIONES_ID=405
DELETE FROM USUARIOSDB_FUNCIONESDB WHERE ARTISTASDB_ID=403 AND FUNCIONES_ID=402
COMMIT
DELETE FROM USUARIOSDB_FUNCIONESDB WHERE ARTISTASDB_ID=453 AND FUNCIONES_ID=454
DELETE FROM USUARIOSDB_FUNCIONESDB WHERE ARTISTASDB_ID=453 AND FUNCIONES_ID=455
DELETE FROM USUARIOSDB_FUNCIONESDB WHERE ARTISTASDB_ID=453 AND FUNCIONES_ID=452
COMMIT
DELETE FROM USUARIOSDB_FUNCIONESDB WHERE ARTISTASDB_ID=503 AND FUNCIONES_ID=502
DELETE FROM USUARIOSDB_FUNCIONESDB WHERE ARTISTASDB_ID=503 AND FUNCIONES_ID=504
DELETE FROM USUARIOSDB_FUNCIONESDB WHERE ARTISTASDB_ID=503 AND FUNCIONES_ID=505
COMMIT
DELETE FROM ESPECTACULOSDB WHERE ID=401
DELETE FROM ESPECTACULOSDB WHERE ID=451
DELETE FROM ESPECTACULOSDB WHERE ID=501
DELETE FROM FUNCIONESDB WHERE ID=402
DELETE FROM FUNCIONESDB WHERE ID=404
DELETE FROM FUNCIONESDB WHERE ID=405
DELETE FROM FUNCIONESDB WHERE ID=452
DELETE FROM FUNCIONESDB WHERE ID=454
DELETE FROM FUNCIONESDB WHERE ID=455
DELETE FROM FUNCIONESDB WHERE ID=502
DELETE FROM FUNCIONESDB WHERE ID=504
DELETE FROM FUNCIONESDB WHERE ID=505
DELETE FROM USUARIOSDB WHERE ID=403
DELETE FROM USUARIOSDB WHERE ID=453
DELETE FROM USUARIOSDB WHERE ID=503
COMMIT
DISCONNECT
